// 重构日志: 41798cba
// 重构日志: b4e4139c
// 重构日志: 278c8642
// 重构日志: 6f4b51da
// 重构日志: c123d894
// 重构日志: 0706539b
// 同步 ID: bccfe059 @ Sat Jul 11 15:56:21 UTC 2026
// 同步 ID: 1eedb63c @ Sat Jul 11 16:38:55 UTC 2026
// 重构日志: c2e5b03f
// 重构日志: b29287e4
// 重构日志: 3ba5d538
// 同步 ID: 3395eca0 @ Sun Jul 12 14:11:16 UTC 2026
// 重构日志: 3a6c11ea
// 重构日志: a337d6e1
// 重构日志: 53a2264c
// 重构日志: 304bdc1a
// 同步 ID: 5e153acf @ Tue Jul 14 06:31:44 UTC 2026
// 同步 ID: f582bfb1 @ Tue Jul 14 13:23:32 UTC 2026
// 重构日志: 7979f6d0
// 同步 ID: 2967bf37 @ Wed Jul 15 14:27:10 UTC 2026
// 重构日志: 4bb59a1d
// 重构日志: e882e0a5
// 同步 ID: 27f336f6 @ Fri Jul 17 12:04:30 UTC 2026
// 同步 ID: e87ba0cf @ Sat Jul 18 09:04:22 UTC 2026
// 重构日志: 787d487c
// 重构日志: a19c80e3
// 重构日志: 7f5f24fd
// 同步 ID: 9634cd73 @ Sun Jul 19 15:18:08 UTC 2026
// 重构日志: c0811ccf
// 同步 ID: b79649af @ Tue Jul 21 04:10:35 UTC 2026
// 重构日志: 1d2c8eea
